<?xml version="1.0" encoding="UTF-8"?>
<<<<<<< HEAD
<testsuite name="model.ModelTest" time="0.232" tests="2" errors="0" skipped="0" failures="0">
=======
<testsuite name="model.ModelTest" time="0.354" tests="2" errors="0" skipped="0" failures="0">
>>>>>>> branch 'master' of https://github.com/OlivierS7/JPU-BlankProject/
  <properties>
    <property name="java.runtime.name" value="Java(TM) SE Runtime Environment"/>
    <property name="sun.boot.library.path" value="C:\Program Files (x86)\Java\jdk1.8.0_201\jre\bin"/>
    <property name="java.vm.version" value="25.201-b09"/>
    <property name="java.vm.vendor" value="Oracle Corporation"/>
<<<<<<< HEAD
    <property name="maven.multiModuleProjectDirectory" value="C:\Users\ASUS\git\JPU-BlankProject\JPU-BlankProject"/>
=======
    <property name="maven.multiModuleProjectDirectory" value="C:\Users\Gervot Lloyd\git\JPU-BlankProject\JPU-BlankProject"/>
>>>>>>> branch 'master' of https://github.com/OlivierS7/JPU-BlankProject/
    <property name="java.vendor.url" value="http://java.oracle.com/"/>
    <property name="path.separator" value=";"/>
    <property name="guice.disable.misplaced.annotation.check" value="true"/>
    <property name="java.vm.name" value="Java HotSpot(TM) 64-Bit Server VM"/>
    <property name="file.encoding.pkg" value="sun.io"/>
    <property name="user.script" value=""/>
    <property name="user.country" value="FR"/>
    <property name="sun.java.launcher" value="SUN_STANDARD"/>
    <property name="sun.os.patch.level" value=""/>
    <property name="java.vm.specification.name" value="Java Virtual Machine Specification"/>
<<<<<<< HEAD
    <property name="user.dir" value="C:\Users\ASUS\git\JPU-BlankProject\JPU-BlankProject"/>
    <property name="java.runtime.version" value="1.8.0_212-b10"/>
=======
    <property name="user.dir" value="C:\Users\Gervot Lloyd\git\JPU-BlankProject\JPU-BlankProject"/>
    <property name="java.runtime.version" value="1.8.0_201-b09"/>
>>>>>>> branch 'master' of https://github.com/OlivierS7/JPU-BlankProject/
    <property name="java.awt.graphicsenv" value="sun.awt.Win32GraphicsEnvironment"/>
    <property name="java.endorsed.dirs" value="C:\Program Files (x86)\Java\jdk1.8.0_201\jre\lib\endorsed"/>
    <property name="os.arch" value="amd64"/>
<<<<<<< HEAD
    <property name="java.io.tmpdir" value="C:\Users\ASUS\AppData\Local\Temp\"/>
=======
    <property name="java.io.tmpdir" value="C:\Users\GERVOT~1\AppData\Local\Temp\"/>
>>>>>>> branch 'master' of https://github.com/OlivierS7/JPU-BlankProject/
    <property name="line.separator" value="&#10;"/>
    <property name="java.vm.specification.vendor" value="Oracle Corporation"/>
    <property name="user.variant" value=""/>
    <property name="os.name" value="Windows 10"/>
<<<<<<< HEAD
    <property name="classworlds.conf" value="D:\Eclipse\WorkspaceProject\.metadata\.plugins\org.eclipse.m2e.launching\launches\m2conf6910437544986148103.tmp"/>
=======
    <property name="classworlds.conf" value="D:\Cours premiere annee CESI\Projet 5\BoulderDash\.metadata\.plugins\org.eclipse.m2e.launching\launches\m2conf7636406722106131578.tmp"/>
>>>>>>> branch 'master' of https://github.com/OlivierS7/JPU-BlankProject/
    <property name="sun.jnu.encoding" value="Cp1252"/>
<<<<<<< HEAD
    <property name="java.library.path" value="C:\Program Files\Java\jdk1.8.0_212\bin;C:\WINDOWS\Sun\Java\bin;C:\WINDOWS\system32;C:\WINDOWS;C:/Program Files/Java/jre1.8.0_211/bin/server;C:/Program Files/Java/jre1.8.0_211/bin;C:/Program Files/Java/jre1.8.0_211/lib/amd64;C:\Program Files (x86)\Common Files\Oracle\Java\javapath;C:\Program Files (x86)\Intel\Intel(R) Management Engine Components\iCLS\;C:\Program Files\Intel\Intel(R) Management Engine Components\iCLS\;C:\Windows\system32;C:\Windows;C:\Windows\System32\Wbem;C:\Windows\System32\WindowsPowerShell\v1.0\;C:\Windows\System32\OpenSSH\;C:\Program Files (x86)\Intel\Intel(R) Management Engine Components\DAL;C:\Program Files\Intel\Intel(R) Management Engine Components\DAL;C:\Program Files (x86)\NVIDIA Corporation\PhysX\Common;C:\Program Files\Intel\WiFi\bin\;C:\Program Files\Common Files\Intel\WirelessCommon\;C:\Program Files\NVIDIA Corporation\NVIDIA NvDLISR;C:\WINDOWS\system32;C:\WINDOWS;C:\WINDOWS\System32\Wbem;C:\WINDOWS\System32\WindowsPowerShell\v1.0\;C:\WINDOWS\System32\OpenSSH\;C:\Program Files\MySQL\MySQL Shell 8.0\bin\;C:\Users\ASUS\Desktop;;."/>
=======
    <property name="java.library.path" value="C:\Program Files (x86)\Java\jdk1.8.0_201\bin;C:\WINDOWS\Sun\Java\bin;C:\WINDOWS\system32;C:\WINDOWS;C:/Program Files/Java/jre1.8.0_211/bin/server;C:/Program Files/Java/jre1.8.0_211/bin;C:/Program Files/Java/jre1.8.0_211/lib/amd64;C:\Program Files (x86)\Common Files\Oracle\Java\javapath;C:\Program Files (x86)\Intel\Intel(R) Management Engine Components\iCLS\;C:\Program Files\Intel\Intel(R) Management Engine Components\iCLS\;C:\windows\system32;C:\windows;C:\windows\System32\Wbem;C:\windows\System32\WindowsPowerShell\v1.0\;C:\Program Files (x86)\NVIDIA Corporation\PhysX\Common;C:\Program Files (x86)\Intel\Intel(R) Management Engine Components\DAL;C:\Program Files\Intel\Intel(R) Management Engine Components\DAL;C:\Program Files (x86)\Intel\Intel(R) Management Engine Components\IPT;C:\Program Files\Intel\Intel(R) Management Engine Components\IPT;C:\WINDOWS\system32;C:\WINDOWS;C:\WINDOWS\System32\Wbem;C:\WINDOWS\System32\WindowsPowerShell\v1.0\;C:\WINDOWS\System32\OpenSSH\;C:\Program Files\NVIDIA Corporation\NVIDIA NvDLISR;C:\WINDOWS\system32;C:\WINDOWS;C:\WINDOWS\System32\Wbem;C:\WINDOWS\System32\WindowsPowerShell\v1.0\;C:\WINDOWS\System32\OpenSSH\;C:\Program Files\Intel\WiFi\bin\;C:\Program Files\Common Files\Intel\WirelessCommon\;C:\Program Files\MySQL\MySQL Shell 8.0\bin\;D:\Logiciels utilisÃ©s\Eclipse\eclipse;;."/>
>>>>>>> branch 'master' of https://github.com/OlivierS7/JPU-BlankProject/
    <property name="java.specification.name" value="Java Platform API Specification"/>
    <property name="java.class.version" value="52.0"/>
    <property name="sun.management.compiler" value="HotSpot 64-Bit Tiered Compilers"/>
    <property name="os.version" value="10.0"/>
<<<<<<< HEAD
    <property name="user.home" value="C:\Users\ASUS"/>
    <property name="user.timezone" value="Europe/Paris"/>
=======
    <property name="user.home" value="C:\Users\Gervot Lloyd"/>
    <property name="user.timezone" value="Asia/Seoul"/>
>>>>>>> branch 'master' of https://github.com/OlivierS7/JPU-BlankProject/
    <property name="java.awt.printerjob" value="sun.awt.windows.WPrinterJob"/>
    <property name="java.specification.version" value="1.8"/>
    <property name="file.encoding" value="Cp1252"/>
<<<<<<< HEAD
    <property name="user.name" value="ASUS"/>
    <property name="java.class.path" value="C:\Users\ASUS\.p2\pool\plugins\org.eclipse.m2e.maven.runtime_1.11.0.20190220-2117\jars\plexus-classworlds-2.5.2.jar"/>
=======
    <property name="user.name" value="Gervot Lloyd"/>
    <property name="java.class.path" value="C:\Users\Gervot Lloyd\.p2\pool\plugins\org.eclipse.m2e.maven.runtime_1.11.0.20190220-2117\jars\plexus-classworlds-2.5.2.jar"/>
>>>>>>> branch 'master' of https://github.com/OlivierS7/JPU-BlankProject/
    <property name="java.vm.specification.version" value="1.8"/>
    <property name="sun.arch.data.model" value="64"/>
    <property name="java.home" value="C:\Program Files (x86)\Java\jdk1.8.0_201\jre"/>
    <property name="sun.java.command" value="org.codehaus.plexus.classworlds.launcher.Launcher -B site:site"/>
    <property name="java.specification.vendor" value="Oracle Corporation"/>
    <property name="user.language" value="fr"/>
    <property name="awt.toolkit" value="sun.awt.windows.WToolkit"/>
    <property name="java.vm.info" value="mixed mode"/>
    <property name="java.version" value="1.8.0_201"/>
    <property name="java.ext.dirs" value="C:\Program Files (x86)\Java\jdk1.8.0_201\jre\lib\ext;C:\WINDOWS\Sun\Java\lib\ext"/>
    <property name="sun.boot.class.path" value="C:\Program Files (x86)\Java\jdk1.8.0_201\jre\lib\resources.jar;C:\Program Files (x86)\Java\jdk1.8.0_201\jre\lib\rt.jar;C:\Program Files (x86)\Java\jdk1.8.0_201\jre\lib\sunrsasign.jar;C:\Program Files (x86)\Java\jdk1.8.0_201\jre\lib\jsse.jar;C:\Program Files (x86)\Java\jdk1.8.0_201\jre\lib\jce.jar;C:\Program Files (x86)\Java\jdk1.8.0_201\jre\lib\charsets.jar;C:\Program Files (x86)\Java\jdk1.8.0_201\jre\lib\jfr.jar;C:\Program Files (x86)\Java\jdk1.8.0_201\jre\classes"/>
    <property name="java.vendor" value="Oracle Corporation"/>
<<<<<<< HEAD
    <property name="maven.home" value="C:\Users\ASUS\git\JPU-BlankProject\JPU-BlankProject\EMBEDDED"/>
=======
    <property name="maven.home" value="C:\Users\Gervot Lloyd\git\JPU-BlankProject\JPU-BlankProject\EMBEDDED"/>
>>>>>>> branch 'master' of https://github.com/OlivierS7/JPU-BlankProject/
    <property name="file.separator" value="\"/>
    <property name="java.vendor.url.bug" value="http://bugreport.sun.com/bugreport/"/>
    <property name="sun.cpu.endian" value="little"/>
    <property name="sun.io.unicode.encoding" value="UnicodeLittle"/>
    <property name="sun.desktop" value="windows"/>
    <property name="sun.cpu.isalist" value="amd64"/>
  </properties>
<<<<<<< HEAD
  <testcase name="testGetMessageString" classname="model.ModelTest" time="0.232"/>
=======
  <testcase name="testGetMessageString" classname="model.ModelTest" time="0.354"/>
>>>>>>> branch 'master' of https://github.com/OlivierS7/JPU-BlankProject/
  <testcase name="testGetMessage" classname="model.ModelTest" time="0"/>
</testsuite>